<?xml version="1.0" encoding="UTF-8"?>
<testsuite xmlns:xsi="http://www.w3.org/2001/XMLSchema-instance" xsi:noNamespaceSchemaLocation="https://maven.apache.org/surefire/maven-surefire-plugin/xsd/surefire-test-report-3.0.xsd" version="3.0" name="dao.DisasterReportDAOTest" time="2.646" tests="6" errors="0" skipped="0" failures="0">
  <properties>
[...]
</properties>
  <testcase name="testUpdateAssignedDepartment" classname="dao.DisasterReportDAOTest" time="2.167"/>
  <testcase name="testUpdateInvalidIdShouldNotCrash" classname="dao.DisasterReportDAOTest" time="0.071"/>
  <testcase name="testPrioritySorting" classname="dao.DisasterReportDAOTest" time="0.041"/>
  <testcase name="testInsertAndFetch" classname="dao.DisasterReportDAOTest" time="0.166"/>
  <testcase name="testInsertWithMissingFieldsShouldFail" classname="dao.DisasterReportDAOTest" time="0.033"/>
  <testcase name="testMarkDisasterAsHandled" classname="dao.DisasterReportDAOTest" time="0.091"/>
</testsuite>